Using pre-set license
Built from '2020.3/staging' branch; Version is '2020.3.9f1 (108be757e447) revision 1084391'; Using compiler version '192528614'; Build Type 'Release'
OS: 'Windows 10 Home; OS build 19043.1466; Version 2009; 64bit' Language: 'en' Physical Memory: 16333 MB
BatchMode: 1, IsHumanControllingUs: 0, StartBugReporterOnCrash: 0, Is64bit: 1, IsPro: 0

 COMMAND LINE ARGUMENTS:
C:\Program Files\Unity\Hub\Editor\2020.3.9f1\Editor\Unity.exe
-adb2
-batchMode
-noUpm
-name
AssetImportWorker0
-projectPath
G:/UnityFun/FractalFun/Fractals
-logFile
Logs/AssetImportWorker0.log
-srvPort
51502
Successfully changed project path to: G:/UnityFun/FractalFun/Fractals
G:/UnityFun/FractalFun/Fractals
Using Asset Import Pipeline V2.
Refreshing native plugins compatible for Editor in 24.76 ms, found 0 plugins.
Preloading 0 native plugins for Editor in 0.00 ms.
Initialize engine version: 2020.3.9f1 (108be757e447)
[Subsystems] Discovering subsystems at path C:/Program Files/Unity/Hub/Editor/2020.3.9f1/Editor/Data/Resources/UnitySubsystems
[Subsystems] Discovering subsystems at path G:/UnityFun/FractalFun/Fractals/Assets
GfxDevice: creating device client; threaded=0
Direct3D:
    Version:  Direct3D 11.0 [level 11.1]
    Renderer: NVIDIA GeForce GTX 1660 SUPER (ID=0x21c4)
    Vendor:   
    VRAM:     5991 MB
    Driver:   30.0.15.1123
Initialize mono
Mono path[0] = 'C:/Program Files/Unity/Hub/Editor/2020.3.9f1/Editor/Data/Managed'
Mono path[1] = 'C:/Program Files/Unity/Hub/Editor/2020.3.9f1/Editor/Data/MonoBleedingEdge/lib/mono/unityjit'
Mono config path = 'C:/Program Files/Unity/Hub/Editor/2020.3.9f1/Editor/Data/MonoBleedingEdge/etc'
Using monoOptions --debugger-agent=transport=dt_socket,embedding=1,server=y,suspend=n,address=127.0.0.1:56316
Begin MonoManager ReloadAssembly
Registering precompiled unity dll's ...
Register platform support module: C:/Program Files/Unity/Hub/Editor/2020.3.9f1/Editor/Data/PlaybackEngines/WebGLSupport/UnityEditor.WebGL.Extensions.dll
Register platform support module: C:/Program Files/Unity/Hub/Editor/2020.3.9f1/Editor/Data/PlaybackEngines/WindowsStandaloneSupport/UnityEditor.WindowsStandalone.Extensions.dll
Registered in 0.004982 seconds.
Native extension for WindowsStandalone target not found
Native extension for WebGL target not found
Refreshing native plugins compatible for Editor in 33.67 ms, found 0 plugins.
Preloading 0 native plugins for Editor in 0.00 ms.
Mono: successfully reloaded assembly
- Completed reload, in  4.009 seconds
Platform modules already initialized, skipping
Registering precompiled user dll's ...
Registered in 0.001306 seconds.
Begin MonoManager ReloadAssembly
Native extension for WindowsStandalone target not found
Native extension for WebGL target not found
Refreshing native plugins compatible for Editor in 0.38 ms, found 0 plugins.
Preloading 0 native plugins for Editor in 0.00 ms.
Mono: successfully reloaded assembly
- Completed reload, in  1.363 seconds
Platform modules already initialized, skipping
========================================================================
Worker process is ready to serve import requests
Launched and connected shader compiler UnityShaderCompiler.exe after 0.09 seconds
Refreshing native plugins compatible for Editor in 0.35 ms, found 0 plugins.
Preloading 0 native plugins for Editor in 0.00 ms.
Unloading 1118 Unused Serialized files (Serialized files now loaded: 0)
System memory in use before: 57.8 MB.
System memory in use after: 57.8 MB.

Unloading 10 unused Assets to reduce memory usage. Loaded Objects now: 1564.
Total: 2.749400 ms (FindLiveObjects: 0.213700 ms CreateObjectMapping: 0.041400 ms MarkObjects: 2.373200 ms  DeleteObjects: 0.119200 ms)

========================================================================
Received Import Request.
  path: Assets/Mandelbrot.shader
  artifactKey: Guid(624c2502d5c27a744a989a3124c5f1dd) Importer(815301076,1909f56bfc062723c751e8b465ee728b)
Start importing Assets/Mandelbrot.shader using Guid(624c2502d5c27a744a989a3124c5f1dd) Importer(815301076,1909f56bfc062723c751e8b465ee728b)  -> (artifact id: '351c9bf455609fa548b960176f2f0dd0') in 0.070010 seconds
  Import took 0.072301 seconds .

========================================================================
Received Prepare
Refreshing native plugins compatible for Editor in 1.00 ms, found 0 plugins.
Preloading 0 native plugins for Editor in 0.00 ms.
Unloading 3 Unused Serialized files (Serialized files now loaded: 0)
System memory in use before: 35.4 MB.
System memory in use after: 35.5 MB.

Unloading 3 unused Assets to reduce memory usage. Loaded Objects now: 1564.
Total: 4.017000 ms (FindLiveObjects: 0.304600 ms CreateObjectMapping: 0.075400 ms MarkObjects: 3.555900 ms  DeleteObjects: 0.079300 ms)

========================================================================
Received Import Request.
  Time since last request: 173.063244 seconds.
  path: Assets/Mandelbrot.shader
  artifactKey: Guid(624c2502d5c27a744a989a3124c5f1dd) Importer(815301076,1909f56bfc062723c751e8b465ee728b)
Start importing Assets/Mandelbrot.shader using Guid(624c2502d5c27a744a989a3124c5f1dd) Importer(815301076,1909f56bfc062723c751e8b465ee728b)  -> (artifact id: '8840df0ffcf6de3cd623be9d963cf243') in 0.002486 seconds
  Import took 0.004617 seconds .

========================================================================
Received Import Request.
  Time since last request: 427.757522 seconds.
  path: Assets/Mandelbrot.shader
  artifactKey: Guid(624c2502d5c27a744a989a3124c5f1dd) Importer(815301076,1909f56bfc062723c751e8b465ee728b)
Start importing Assets/Mandelbrot.shader using Guid(624c2502d5c27a744a989a3124c5f1dd) Importer(815301076,1909f56bfc062723c751e8b465ee728b)  -> (artifact id: 'fc5de6743e8727c58c5dad77f13c9c26') in 0.002133 seconds
  Import took 0.004396 seconds .

========================================================================
Received Import Request.
  Time since last request: 34.885945 seconds.
  path: Assets/Mandelbrot.shader
  artifactKey: Guid(624c2502d5c27a744a989a3124c5f1dd) Importer(815301076,1909f56bfc062723c751e8b465ee728b)
Start importing Assets/Mandelbrot.shader using Guid(624c2502d5c27a744a989a3124c5f1dd) Importer(815301076,1909f56bfc062723c751e8b465ee728b)  -> (artifact id: 'ecee90f9046373f8ed9bc607d2c9f277') in 0.003697 seconds
  Import took 0.007163 seconds .

========================================================================
Received Prepare
Registering precompiled user dll's ...
Registered in 0.000585 seconds.
Begin MonoManager ReloadAssembly
Native extension for WindowsStandalone target not found
Native extension for WebGL target not found
Refreshing native plugins compatible for Editor in 0.21 ms, found 0 plugins.
Preloading 0 native plugins for Editor in 0.00 ms.
Mono: successfully reloaded assembly
- Completed reload, in  0.908 seconds
Platform modules already initialized, skipping
Refreshing native plugins compatible for Editor in 0.30 ms, found 0 plugins.
Preloading 0 native plugins for Editor in 0.00 ms.
Unloading 1112 Unused Serialized files (Serialized files now loaded: 0)
System memory in use before: 57.6 MB.
System memory in use after: 57.7 MB.

Unloading 5 unused Assets to reduce memory usage. Loaded Objects now: 1567.
Total: 1.615600 ms (FindLiveObjects: 0.121900 ms CreateObjectMapping: 0.029200 ms MarkObjects: 1.410300 ms  DeleteObjects: 0.053000 ms)

========================================================================
Received Import Request.
  Time since last request: 198.243037 seconds.
  path: Assets/Mandelbrot.shader
  artifactKey: Guid(624c2502d5c27a744a989a3124c5f1dd) Importer(815301076,1909f56bfc062723c751e8b465ee728b)
Start importing Assets/Mandelbrot.shader using Guid(624c2502d5c27a744a989a3124c5f1dd) Importer(815301076,1909f56bfc062723c751e8b465ee728b)  -> (artifact id: '26f999413af7c88a11f15a5dbc8deed5') in 0.010502 seconds
  Import took 0.012341 seconds .

========================================================================
Received Prepare
Registering precompiled user dll's ...
Registered in 0.000623 seconds.
Begin MonoManager ReloadAssembly
Native extension for WindowsStandalone target not found
Native extension for WebGL target not found
Refreshing native plugins compatible for Editor in 0.21 ms, found 0 plugins.
Preloading 0 native plugins for Editor in 0.00 ms.
Mono: successfully reloaded assembly
- Completed reload, in  0.883 seconds
Platform modules already initialized, skipping
Refreshing native plugins compatible for Editor in 0.21 ms, found 0 plugins.
Preloading 0 native plugins for Editor in 0.00 ms.
Unloading 1112 Unused Serialized files (Serialized files now loaded: 0)
System memory in use before: 57.6 MB.
System memory in use after: 57.7 MB.

Unloading 5 unused Assets to reduce memory usage. Loaded Objects now: 1570.
Total: 1.604000 ms (FindLiveObjects: 0.129400 ms CreateObjectMapping: 0.028000 ms MarkObjects: 1.396300 ms  DeleteObjects: 0.049600 ms)

========================================================================
Received Import Request.
  Time since last request: 16.014184 seconds.
  path: Assets/Mandelbrot.shader
  artifactKey: Guid(624c2502d5c27a744a989a3124c5f1dd) Importer(815301076,1909f56bfc062723c751e8b465ee728b)
Start importing Assets/Mandelbrot.shader using Guid(624c2502d5c27a744a989a3124c5f1dd) Importer(815301076,1909f56bfc062723c751e8b465ee728b)  -> (artifact id: '38f85959159a0e84b04eae5476e14e62') in 0.009546 seconds
  Import took 0.011312 seconds .

========================================================================
Received Prepare
Registering precompiled user dll's ...
Registered in 0.000590 seconds.
Begin MonoManager ReloadAssembly
Native extension for WindowsStandalone target not found
Native extension for WebGL target not found
Refreshing native plugins compatible for Editor in 0.21 ms, found 0 plugins.
Preloading 0 native plugins for Editor in 0.00 ms.
Mono: successfully reloaded assembly
- Completed reload, in  0.881 seconds
Platform modules already initialized, skipping
Refreshing native plugins compatible for Editor in 0.25 ms, found 0 plugins.
Preloading 0 native plugins for Editor in 0.00 ms.
Unloading 1112 Unused Serialized files (Serialized files now loaded: 0)
System memory in use before: 57.6 MB.
System memory in use after: 57.7 MB.

Unloading 5 unused Assets to reduce memory usage. Loaded Objects now: 1573.
Total: 1.738300 ms (FindLiveObjects: 0.153800 ms CreateObjectMapping: 0.029100 ms MarkObjects: 1.496200 ms  DeleteObjects: 0.057500 ms)

========================================================================
Received Import Request.
  Time since last request: 259.477273 seconds.
  path: Assets/Mandelbrot.shader
  artifactKey: Guid(624c2502d5c27a744a989a3124c5f1dd) Importer(815301076,1909f56bfc062723c751e8b465ee728b)
Start importing Assets/Mandelbrot.shader using Guid(624c2502d5c27a744a989a3124c5f1dd) Importer(815301076,1909f56bfc062723c751e8b465ee728b)  -> (artifact id: '8aede1da0a5459d0ec95c3670b7a89b3') in 0.015234 seconds
  Import took 0.017250 seconds .

========================================================================
Received Import Request.
  Time since last request: 1000.808358 seconds.
  path: Assets/Mandelbrot.shader
  artifactKey: Guid(624c2502d5c27a744a989a3124c5f1dd) Importer(815301076,1909f56bfc062723c751e8b465ee728b)
Start importing Assets/Mandelbrot.shader using Guid(624c2502d5c27a744a989a3124c5f1dd) Importer(815301076,1909f56bfc062723c751e8b465ee728b)  -> (artifact id: 'a0b65cc9b6586a51be8292e7ed22c51a') in 0.002186 seconds
  Import took 0.004382 seconds .

========================================================================
Received Import Request.
  Time since last request: 0.016227 seconds.
  path: Assets/Mandelbrot.shader
  artifactKey: Guid(624c2502d5c27a744a989a3124c5f1dd) Importer(815301076,1909f56bfc062723c751e8b465ee728b)
Start importing Assets/Mandelbrot.shader using Guid(624c2502d5c27a744a989a3124c5f1dd) Importer(815301076,1909f56bfc062723c751e8b465ee728b)  -> (artifact id: 'a0b65cc9b6586a51be8292e7ed22c51a') in 0.002019 seconds
  Import took 0.004326 seconds .

========================================================================
Received Import Request.
  Time since last request: 123.962218 seconds.
  path: Assets/Mandelbrot.mat
  artifactKey: Guid(dd466e7e12fc44048aaef9d52366945e) Importer(815301076,1909f56bfc062723c751e8b465ee728b)
Start importing Assets/Mandelbrot.mat using Guid(dd466e7e12fc44048aaef9d52366945e) Importer(815301076,1909f56bfc062723c751e8b465ee728b)  -> (artifact id: '82e8e0f7d9883c93a55d5fa4ac4b1d55') in 0.093198 seconds
  Import took 0.095382 seconds .

========================================================================
Received Import Request.
  Time since last request: 0.000182 seconds.
  path: Assets/New TMP Color Gradient.asset
  artifactKey: Guid(73e483250c92e8247a6258609503df6e) Importer(815301076,1909f56bfc062723c751e8b465ee728b)
Start importing Assets/New TMP Color Gradient.asset using Guid(73e483250c92e8247a6258609503df6e) Importer(815301076,1909f56bfc062723c751e8b465ee728b)  -> (artifact id: '3d80f1648c0b300f693151c379ce8484') in 0.005302 seconds
  Import took 0.007275 seconds .

========================================================================
Received Import Request.
  Time since last request: 0.000167 seconds.
  path: Assets/Mandelbrot.mat
  artifactKey: Guid(dd466e7e12fc44048aaef9d52366945e) Importer(815301076,1909f56bfc062723c751e8b465ee728b)
Start importing Assets/Mandelbrot.mat using Guid(dd466e7e12fc44048aaef9d52366945e) Importer(815301076,1909f56bfc062723c751e8b465ee728b)  -> (artifact id: '82e8e0f7d9883c93a55d5fa4ac4b1d55') in 0.008182 seconds
  Import took 0.010070 seconds .

========================================================================
Received Import Request.
  Time since last request: 0.000205 seconds.
  path: Assets/New TMP Color Gradient.asset
  artifactKey: Guid(73e483250c92e8247a6258609503df6e) Importer(815301076,1909f56bfc062723c751e8b465ee728b)
Start importing Assets/New TMP Color Gradient.asset using Guid(73e483250c92e8247a6258609503df6e) Importer(815301076,1909f56bfc062723c751e8b465ee728b)  -> (artifact id: '3d80f1648c0b300f693151c379ce8484') in 0.002156 seconds
  Import took 0.004075 seconds .

========================================================================
Received Import Request.
  Time since last request: 172.759415 seconds.
  path: Assets/smooth-and-blurry-rainbow-gradient-mesh-background-vector.jpg
  artifactKey: Guid(bb638201ab45363428adbdba2c6ac461) Importer(815301076,1909f56bfc062723c751e8b465ee728b)
Start importing Assets/smooth-and-blurry-rainbow-gradient-mesh-background-vector.jpg using Guid(bb638201ab45363428adbdba2c6ac461) Importer(815301076,1909f56bfc062723c751e8b465ee728b)  -> (artifact id: 'd403037fc1d131c1b67d93ace05f0eb4') in 0.067309 seconds
  Import took 0.069300 seconds .

========================================================================
Received Import Request.
  Time since last request: 0.003042 seconds.
  path: Assets/smooth-and-blurry-rainbow-gradient-mesh-background-vector.jpg
  artifactKey: Guid(bb638201ab45363428adbdba2c6ac461) Importer(815301076,1909f56bfc062723c751e8b465ee728b)
Start importing Assets/smooth-and-blurry-rainbow-gradient-mesh-background-vector.jpg using Guid(bb638201ab45363428adbdba2c6ac461) Importer(815301076,1909f56bfc062723c751e8b465ee728b)  -> (artifact id: 'd403037fc1d131c1b67d93ace05f0eb4') in 0.005438 seconds
  Import took 0.007296 seconds .

========================================================================
Received Prepare
Registering precompiled user dll's ...
Registered in 0.000725 seconds.
Begin MonoManager ReloadAssembly
Native extension for WindowsStandalone target not found
Native extension for WebGL target not found
Refreshing native plugins compatible for Editor in 0.21 ms, found 0 plugins.
Preloading 0 native plugins for Editor in 0.00 ms.
Mono: successfully reloaded assembly
- Completed reload, in  0.888 seconds
Platform modules already initialized, skipping
Refreshing native plugins compatible for Editor in 0.22 ms, found 0 plugins.
Preloading 0 native plugins for Editor in 0.00 ms.
Unloading 1112 Unused Serialized files (Serialized files now loaded: 0)
System memory in use before: 61.0 MB.
System memory in use after: 61.0 MB.

Unloading 5 unused Assets to reduce memory usage. Loaded Objects now: 1618.
Total: 1.909900 ms (FindLiveObjects: 0.150200 ms CreateObjectMapping: 0.028900 ms MarkObjects: 1.660900 ms  DeleteObjects: 0.068300 ms)

========================================================================
Received Import Request.
  Time since last request: 363.285281 seconds.
  path: Assets/Mandelbrot.mat
  artifactKey: Guid(dd466e7e12fc44048aaef9d52366945e) Importer(815301076,1909f56bfc062723c751e8b465ee728b)
Start importing Assets/Mandelbrot.mat using Guid(dd466e7e12fc44048aaef9d52366945e) Importer(815301076,1909f56bfc062723c751e8b465ee728b)  -> (artifact id: 'f2901174dff5d186386d0d964fe88389') in 0.069360 seconds
  Import took 0.071430 seconds .

AssetImportWorkerClient::OnTransportError - code=2 error=End of file
