Using pre-set license
Built from '2020.3/staging' branch; Version is '2020.3.9f1 (108be757e447) revision 1084391'; Using compiler version '192528614'; Build Type 'Release'
OS: 'Windows 10 Home; OS build 19043.1466; Version 2009; 64bit' Language: 'en' Physical Memory: 16333 MB
BatchMode: 1, IsHumanControllingUs: 0, StartBugReporterOnCrash: 0, Is64bit: 1, IsPro: 0

 COMMAND LINE ARGUMENTS:
C:\Program Files\Unity\Hub\Editor\2020.3.9f1\Editor\Unity.exe
-adb2
-batchMode
-noUpm
-name
AssetImportWorker0
-projectPath
G:/UnityFun/FractalFun/Fractals
-logFile
Logs/AssetImportWorker0.log
-srvPort
64485
Successfully changed project path to: G:/UnityFun/FractalFun/Fractals
G:/UnityFun/FractalFun/Fractals
Using Asset Import Pipeline V2.
Refreshing native plugins compatible for Editor in 25.86 ms, found 0 plugins.
Preloading 0 native plugins for Editor in 0.00 ms.
Initialize engine version: 2020.3.9f1 (108be757e447)
[Subsystems] Discovering subsystems at path C:/Program Files/Unity/Hub/Editor/2020.3.9f1/Editor/Data/Resources/UnitySubsystems
[Subsystems] Discovering subsystems at path G:/UnityFun/FractalFun/Fractals/Assets
GfxDevice: creating device client; threaded=0
Direct3D:
    Version:  Direct3D 11.0 [level 11.1]
    Renderer: NVIDIA GeForce GTX 1660 SUPER (ID=0x21c4)
    Vendor:   
    VRAM:     5991 MB
    Driver:   30.0.15.1123
Initialize mono
Mono path[0] = 'C:/Program Files/Unity/Hub/Editor/2020.3.9f1/Editor/Data/Managed'
Mono path[1] = 'C:/Program Files/Unity/Hub/Editor/2020.3.9f1/Editor/Data/MonoBleedingEdge/lib/mono/unityjit'
Mono config path = 'C:/Program Files/Unity/Hub/Editor/2020.3.9f1/Editor/Data/MonoBleedingEdge/etc'
Using monoOptions --debugger-agent=transport=dt_socket,embedding=1,server=y,suspend=n,address=127.0.0.1:56616
Begin MonoManager ReloadAssembly
Registering precompiled unity dll's ...
Register platform support module: C:/Program Files/Unity/Hub/Editor/2020.3.9f1/Editor/Data/PlaybackEngines/WebGLSupport/UnityEditor.WebGL.Extensions.dll
Register platform support module: C:/Program Files/Unity/Hub/Editor/2020.3.9f1/Editor/Data/PlaybackEngines/WindowsStandaloneSupport/UnityEditor.WindowsStandalone.Extensions.dll
Registered in 0.003590 seconds.
Native extension for WindowsStandalone target not found
Native extension for WebGL target not found
Refreshing native plugins compatible for Editor in 24.77 ms, found 0 plugins.
Preloading 0 native plugins for Editor in 0.00 ms.
Mono: successfully reloaded assembly
- Completed reload, in  2.652 seconds
Platform modules already initialized, skipping
Registering precompiled user dll's ...
Registered in 0.000620 seconds.
Begin MonoManager ReloadAssembly
Native extension for WindowsStandalone target not found
Native extension for WebGL target not found
Refreshing native plugins compatible for Editor in 0.22 ms, found 0 plugins.
Preloading 0 native plugins for Editor in 0.00 ms.
Mono: successfully reloaded assembly
- Completed reload, in  1.059 seconds
Platform modules already initialized, skipping
========================================================================
Worker process is ready to serve import requests
Launched and connected shader compiler UnityShaderCompiler.exe after 0.12 seconds
Refreshing native plugins compatible for Editor in 0.34 ms, found 0 plugins.
Preloading 0 native plugins for Editor in 0.00 ms.
Unloading 1119 Unused Serialized files (Serialized files now loaded: 0)
System memory in use before: 57.9 MB.
System memory in use after: 58.0 MB.

Unloading 10 unused Assets to reduce memory usage. Loaded Objects now: 1565.
Total: 1.818000 ms (FindLiveObjects: 0.153300 ms CreateObjectMapping: 0.030300 ms MarkObjects: 1.542800 ms  DeleteObjects: 0.090200 ms)

========================================================================
Received Import Request.
  path: Assets/Scenes/Noob2Shaders.unity
  artifactKey: Guid(b6bbd9ed3c1d67646abaa68a8c82c7aa) Importer(815301076,1909f56bfc062723c751e8b465ee728b)
Start importing Assets/Scenes/Noob2Shaders.unity using Guid(b6bbd9ed3c1d67646abaa68a8c82c7aa) Importer(815301076,1909f56bfc062723c751e8b465ee728b)  -> (artifact id: '7e7539616786d9cdbd0d1c156a7366b9') in 0.012370 seconds
  Import took 0.014698 seconds .

========================================================================
Received Import Request.
  Time since last request: 86.899339 seconds.
  path: Assets/Mandelbrot
  artifactKey: Guid(4e1cd6df2b5865247a8fb897f411342c) Importer(815301076,1909f56bfc062723c751e8b465ee728b)
Start importing Assets/Mandelbrot using Guid(4e1cd6df2b5865247a8fb897f411342c) Importer(815301076,1909f56bfc062723c751e8b465ee728b)  -> (artifact id: '5769809b4b1e340d44c41e4eef2e1973') in 0.011623 seconds
  Import took 0.013517 seconds .

========================================================================
Received Import Request.
  Time since last request: 7.779314 seconds.
  path: Assets/Material/RayMarch.shader
  artifactKey: Guid(fb2c7beebfe288b47b3ae8d8cafaf527) Importer(815301076,1909f56bfc062723c751e8b465ee728b)
Start importing Assets/Material/RayMarch.shader using Guid(fb2c7beebfe288b47b3ae8d8cafaf527) Importer(815301076,1909f56bfc062723c751e8b465ee728b)  -> (artifact id: 'cbb5edda4bae9d30f86dc79de0c498ed') in 0.067928 seconds
  Import took 0.069804 seconds .

========================================================================
Received Import Request.
  Time since last request: 0.108299 seconds.
  path: Assets/Material/RayMarch.shader
  artifactKey: Guid(fb2c7beebfe288b47b3ae8d8cafaf527) Importer(815301076,1909f56bfc062723c751e8b465ee728b)
Start importing Assets/Material/RayMarch.shader using Guid(fb2c7beebfe288b47b3ae8d8cafaf527) Importer(815301076,1909f56bfc062723c751e8b465ee728b)  -> (artifact id: 'cbb5edda4bae9d30f86dc79de0c498ed') in 0.001636 seconds
  Import took 0.003337 seconds .

========================================================================
Received Import Request.
  Time since last request: 8.277719 seconds.
  path: Assets/RayMarching
  artifactKey: Guid(6f77f12d982e9564eb14a91456b9585e) Importer(815301076,1909f56bfc062723c751e8b465ee728b)
Start importing Assets/RayMarching using Guid(6f77f12d982e9564eb14a91456b9585e) Importer(815301076,1909f56bfc062723c751e8b465ee728b)  -> (artifact id: '0a71cdeb0bb07becc9a83e7955fcfa2b') in 0.001656 seconds
  Import took 0.003489 seconds .

========================================================================
Received Import Request.
  Time since last request: 38.158675 seconds.
  path: Assets/Noob
  artifactKey: Guid(17427d0c96320c1448dea1586decdccd) Importer(815301076,1909f56bfc062723c751e8b465ee728b)
Start importing Assets/Noob using Guid(17427d0c96320c1448dea1586decdccd) Importer(815301076,1909f56bfc062723c751e8b465ee728b)  -> (artifact id: '556873a921194e367822db6cb6ba8467') in 0.001563 seconds
  Import took 0.003549 seconds .

========================================================================
Received Import Request.
  Time since last request: 33.776118 seconds.
  path: Assets/Noob/0001.jpg
  artifactKey: Guid(5aef4797c369eea459ba143aca948404) Importer(815301076,1909f56bfc062723c751e8b465ee728b)
Start importing Assets/Noob/0001.jpg using Guid(5aef4797c369eea459ba143aca948404) Importer(815301076,1909f56bfc062723c751e8b465ee728b)  -> (artifact id: '1664c20ef70b7292348ae4a8a73751f7') in 0.099267 seconds
  Import took 0.101221 seconds .

========================================================================
Received Import Request.
  Time since last request: 38.281349 seconds.
  path: Assets/Noob/Plane.mat
  artifactKey: Guid(81186b102675a0d45a6736e502ad9e45) Importer(815301076,1909f56bfc062723c751e8b465ee728b)
Start importing Assets/Noob/Plane.mat using Guid(81186b102675a0d45a6736e502ad9e45) Importer(815301076,1909f56bfc062723c751e8b465ee728b)  -> (artifact id: 'f4441e414b6073afd982136613222bbc') in 0.063802 seconds
  Import took 0.065730 seconds .

========================================================================
Received Import Request.
  Time since last request: 36.984550 seconds.
  path: Assets/Noob/Standard.shader
  artifactKey: Guid(dea37b7d3746e9f429d86deb2811d7c6) Importer(815301076,1909f56bfc062723c751e8b465ee728b)
Start importing Assets/Noob/Standard.shader using Guid(dea37b7d3746e9f429d86deb2811d7c6) Importer(815301076,1909f56bfc062723c751e8b465ee728b)  -> (artifact id: '8f70ef37b71946ffe54e17cfa37158b6') in 0.003956 seconds
  Import took 0.006311 seconds .

========================================================================
Received Import Request.
  Time since last request: 620.063481 seconds.
  path: Assets/Noob/Plane.mat
  artifactKey: Guid(81186b102675a0d45a6736e502ad9e45) Importer(815301076,1909f56bfc062723c751e8b465ee728b)
Start importing Assets/Noob/Plane.mat using Guid(81186b102675a0d45a6736e502ad9e45) Importer(815301076,1909f56bfc062723c751e8b465ee728b)  -> (artifact id: '32f20d6e04f1824113e2906575032bbe') in 0.027488 seconds
  Import took 0.030194 seconds .

========================================================================
Received Prepare
Registering precompiled user dll's ...
Registered in 0.000695 seconds.
Begin MonoManager ReloadAssembly
Native extension for WindowsStandalone target not found
Native extension for WebGL target not found
Refreshing native plugins compatible for Editor in 0.21 ms, found 0 plugins.
Preloading 0 native plugins for Editor in 0.00 ms.
Mono: successfully reloaded assembly
- Completed reload, in  0.900 seconds
Platform modules already initialized, skipping
Refreshing native plugins compatible for Editor in 0.36 ms, found 0 plugins.
Preloading 0 native plugins for Editor in 0.00 ms.
Unloading 1113 Unused Serialized files (Serialized files now loaded: 0)
System memory in use before: 61.6 MB.
System memory in use after: 61.7 MB.

Unloading 5 unused Assets to reduce memory usage. Loaded Objects now: 1610.
Total: 2.618600 ms (FindLiveObjects: 0.158400 ms CreateObjectMapping: 0.035600 ms MarkObjects: 2.354200 ms  DeleteObjects: 0.068800 ms)

========================================================================
Received Prepare
Registering precompiled user dll's ...
Registered in 0.000606 seconds.
Begin MonoManager ReloadAssembly
Native extension for WindowsStandalone target not found
Native extension for WebGL target not found
Refreshing native plugins compatible for Editor in 0.23 ms, found 0 plugins.
Preloading 0 native plugins for Editor in 0.00 ms.
Mono: successfully reloaded assembly
- Completed reload, in  0.941 seconds
Platform modules already initialized, skipping
Refreshing native plugins compatible for Editor in 0.32 ms, found 0 plugins.
Preloading 0 native plugins for Editor in 0.00 ms.
Unloading 1112 Unused Serialized files (Serialized files now loaded: 0)
System memory in use before: 61.5 MB.
System memory in use after: 61.6 MB.

Unloading 5 unused Assets to reduce memory usage. Loaded Objects now: 1613.
Total: 1.661400 ms (FindLiveObjects: 0.135800 ms CreateObjectMapping: 0.029600 ms MarkObjects: 1.443000 ms  DeleteObjects: 0.051800 ms)

========================================================================
Received Prepare
Registering precompiled user dll's ...
Registered in 0.000727 seconds.
Begin MonoManager ReloadAssembly
Native extension for WindowsStandalone target not found
Native extension for WebGL target not found
Refreshing native plugins compatible for Editor in 0.27 ms, found 0 plugins.
Preloading 0 native plugins for Editor in 0.00 ms.
Mono: successfully reloaded assembly
- Completed reload, in  0.939 seconds
Platform modules already initialized, skipping
Refreshing native plugins compatible for Editor in 0.29 ms, found 0 plugins.
Preloading 0 native plugins for Editor in 0.00 ms.
Unloading 1112 Unused Serialized files (Serialized files now loaded: 0)
System memory in use before: 61.5 MB.
System memory in use after: 61.6 MB.

Unloading 5 unused Assets to reduce memory usage. Loaded Objects now: 1616.
Total: 1.733900 ms (FindLiveObjects: 0.148000 ms CreateObjectMapping: 0.030800 ms MarkObjects: 1.495900 ms  DeleteObjects: 0.057800 ms)

========================================================================
Received Import Request.
  Time since last request: 1162.279758 seconds.
  path: Assets/Noob/Unlit.shader
  artifactKey: Guid(618cee962b33284499926d6075800923) Importer(815301076,1909f56bfc062723c751e8b465ee728b)
Start importing Assets/Noob/Unlit.shader using Guid(618cee962b33284499926d6075800923) Importer(815301076,1909f56bfc062723c751e8b465ee728b)  -> (artifact id: '6c91df1dbd1294b2026458b0e98ee55e') in 0.013308 seconds
  Import took 0.015395 seconds .

========================================================================
Received Import Request.
  Time since last request: 0.006130 seconds.
  path: Assets/Noob/Unlit.shader
  artifactKey: Guid(618cee962b33284499926d6075800923) Importer(815301076,1909f56bfc062723c751e8b465ee728b)
Start importing Assets/Noob/Unlit.shader using Guid(618cee962b33284499926d6075800923) Importer(815301076,1909f56bfc062723c751e8b465ee728b)  -> (artifact id: '6c91df1dbd1294b2026458b0e98ee55e') in 0.002429 seconds
  Import took 0.004352 seconds .

========================================================================
Received Import Request.
  Time since last request: 34.232463 seconds.
  path: Assets/Noob/Unlit.shader
  artifactKey: Guid(618cee962b33284499926d6075800923) Importer(815301076,1909f56bfc062723c751e8b465ee728b)
Start importing Assets/Noob/Unlit.shader using Guid(618cee962b33284499926d6075800923) Importer(815301076,1909f56bfc062723c751e8b465ee728b)  -> (artifact id: 'd3ea80ca9c5dc5db68f0bc26ef7fc44a') in 0.002572 seconds
  Import took 0.005248 seconds .

========================================================================
Received Prepare
Registering precompiled user dll's ...
Registered in 0.000643 seconds.
Begin MonoManager ReloadAssembly
Native extension for WindowsStandalone target not found
Native extension for WebGL target not found
Refreshing native plugins compatible for Editor in 0.26 ms, found 0 plugins.
Preloading 0 native plugins for Editor in 0.00 ms.
Mono: successfully reloaded assembly
- Completed reload, in  0.945 seconds
Platform modules already initialized, skipping
Refreshing native plugins compatible for Editor in 0.35 ms, found 0 plugins.
Preloading 0 native plugins for Editor in 0.00 ms.
Unloading 1113 Unused Serialized files (Serialized files now loaded: 0)
System memory in use before: 61.7 MB.
System memory in use after: 61.7 MB.

Unloading 6 unused Assets to reduce memory usage. Loaded Objects now: 1619.
Total: 2.438300 ms (FindLiveObjects: 0.180600 ms CreateObjectMapping: 0.041200 ms MarkObjects: 2.136600 ms  DeleteObjects: 0.078500 ms)

========================================================================
Received Prepare
Registering precompiled user dll's ...
Registered in 0.000581 seconds.
Begin MonoManager ReloadAssembly
Native extension for WindowsStandalone target not found
Native extension for WebGL target not found
Refreshing native plugins compatible for Editor in 0.22 ms, found 0 plugins.
Preloading 0 native plugins for Editor in 0.00 ms.
Mono: successfully reloaded assembly
- Completed reload, in  0.980 seconds
Platform modules already initialized, skipping
Refreshing native plugins compatible for Editor in 0.24 ms, found 0 plugins.
Preloading 0 native plugins for Editor in 0.00 ms.
Unloading 1113 Unused Serialized files (Serialized files now loaded: 0)
System memory in use before: 61.7 MB.
System memory in use after: 61.7 MB.

Unloading 6 unused Assets to reduce memory usage. Loaded Objects now: 1622.
Total: 2.665600 ms (FindLiveObjects: 0.214500 ms CreateObjectMapping: 0.050600 ms MarkObjects: 2.309600 ms  DeleteObjects: 0.089600 ms)

========================================================================
Received Import Request.
  Time since last request: 2136.060738 seconds.
  path: Assets/Scenes/Mandelbrot2D.unity
  artifactKey: Guid(eff4ce6511b5f84499771028b35d7f4e) Importer(815301076,1909f56bfc062723c751e8b465ee728b)
Start importing Assets/Scenes/Mandelbrot2D.unity using Guid(eff4ce6511b5f84499771028b35d7f4e) Importer(815301076,1909f56bfc062723c751e8b465ee728b)  -> (artifact id: '3605b63b4a61eeaff2185694ef94fe31') in 0.012351 seconds
  Import took 0.014483 seconds .

========================================================================
Received Prepare
Registering precompiled user dll's ...
Registered in 0.001299 seconds.
Begin MonoManager ReloadAssembly
Native extension for WindowsStandalone target not found
Native extension for WebGL target not found
Refreshing native plugins compatible for Editor in 0.28 ms, found 0 plugins.
Preloading 0 native plugins for Editor in 0.00 ms.
Mono: successfully reloaded assembly
- Completed reload, in  1.000 seconds
Platform modules already initialized, skipping
Refreshing native plugins compatible for Editor in 0.21 ms, found 0 plugins.
Preloading 0 native plugins for Editor in 0.00 ms.
Unloading 1113 Unused Serialized files (Serialized files now loaded: 0)
System memory in use before: 61.7 MB.
System memory in use after: 61.7 MB.

Unloading 6 unused Assets to reduce memory usage. Loaded Objects now: 1625.
Total: 1.697200 ms (FindLiveObjects: 0.132000 ms CreateObjectMapping: 0.034000 ms MarkObjects: 1.453600 ms  DeleteObjects: 0.076300 ms)

========================================================================
Received Import Request.
  Time since last request: 152.910904 seconds.
  path: Assets/Mandelbrot/Mandelbrot.mat
  artifactKey: Guid(dd466e7e12fc44048aaef9d52366945e) Importer(815301076,1909f56bfc062723c751e8b465ee728b)
Start importing Assets/Mandelbrot/Mandelbrot.mat using Guid(dd466e7e12fc44048aaef9d52366945e) Importer(815301076,1909f56bfc062723c751e8b465ee728b)  -> (artifact id: '852838f69bed938d339aceb15d451ccc') in 0.103255 seconds
  Import took 0.105382 seconds .

AssetImportWorkerClient::OnTransportError - code=2 error=End of file
